<?xml version="1.0" encoding="UTF-8"?>
<!-- Generated by org.testng.reporters.JUnitXMLReporter -->
<testsuite ignored="0" hostname="DESKTOP-AK9HRF7" failures="0" tests="3" name="Test" time="2.38" errors="0" timestamp="2025-02-04T18:47:44 GMT-04:00">
  <testcase classname="ApiPost.APIAutomation.LoginAPITest" name="testInvalidLoginInvalidEmail" time="1.84"/>
  <testcase classname="ApiPost.APIAutomation.LoginAPITest" name="testInvalidLoginMissingPassword" time="0.255"/>
  <testcase classname="ApiPost.APIAutomation.LoginAPITest" name="testValidLogin" time="0.26"/>
</testsuite> <!-- Test -->
