<?xml version="1.0" encoding="UTF-8"?>
<!-- Generated by org.testng.reporters.JUnitXMLReporter -->
<testsuite ignored="0" hostname="DESKTOP-AK9HRF7" failures="0" tests="3" name="Test" time="3.984" errors="0" timestamp="2025-02-04T19:13:48 GMT-04:00">
  <testcase classname="ApiPost.APIAutomation.LoginAPITest" name="testInvalidLoginInvalidEmail" time="3.228"/>
  <testcase classname="ApiPost.APIAutomation.LoginAPITest" name="testInvalidLoginMissingPassword" time="0.386"/>
  <testcase classname="ApiPost.APIAutomation.LoginAPITest" name="testValidLogin" time="0.303"/>
</testsuite> <!-- Test -->
